0 info it worked if it ends with ok
1 verbose cli [ 'node', '/usr/local/bin/npm', 'start' ]
2 info using npm@3.10.8
3 info using node@v0.10.25
4 verbose node symlink /usr/bin/node
5 verbose run-script [ 'prestart', 'start', 'poststart' ]
6 info lifecycle demo@0.0.0~prestart: demo@0.0.0
7 silly lifecycle demo@0.0.0~prestart: no script for prestart, continuing
8 info lifecycle demo@0.0.0~start: demo@0.0.0
9 verbose lifecycle demo@0.0.0~start: unsafe-perm in lifecycle true
10 verbose lifecycle demo@0.0.0~start: PATH: /usr/local/lib/node_modules/npm/bin/node-gyp-bin:/home/linux/gaotian1/node/day4/demo/node_modules/.bin:/usr/local/sbin:/usr/local/bin:/usr/sbin:/usr/bin:/sbin:/bin:/usr/games:/usr/local/games:/usr/local/node-v4.4.7-linux-x64/bin/:/usr/local/mongodb-linux-x86_64-ubuntu1404-3.2.10/bin/
11 verbose lifecycle demo@0.0.0~start: CWD: /home/linux/gaotian1/node/day4/demo
12 silly lifecycle demo@0.0.0~start: Args: [ '-c', 'node ./bin/www' ]
13 silly lifecycle demo@0.0.0~start: Returned: code: 8  signal: null
14 info lifecycle demo@0.0.0~start: Failed to exec start script
15 verbose stack Error: demo@0.0.0 start: `node ./bin/www`
15 verbose stack Exit status 8
15 verbose stack     at EventEmitter.<anonymous> (/usr/local/lib/node_modules/npm/lib/utils/lifecycle.js:255:16)
15 verbose stack     at EventEmitter.emit (events.js:98:17)
15 verbose stack     at ChildProcess.<anonymous> (/usr/local/lib/node_modules/npm/lib/utils/spawn.js:40:14)
15 verbose stack     at ChildProcess.EventEmitter.emit (events.js:98:17)
15 verbose stack     at maybeClose (child_process.js:743:16)
15 verbose stack     at Process.ChildProcess._handle.onexit (child_process.js:810:5)
16 verbose pkgid demo@0.0.0
17 verbose cwd /home/linux/gaotian1/node/day4/demo
18 error Linux 4.2.0-27-generic
19 error argv "node" "/usr/local/bin/npm" "start"
20 error node v0.10.25
21 error npm  v3.10.8
22 error code ELIFECYCLE
23 error demo@0.0.0 start: `node ./bin/www`
23 error Exit status 8
24 error Failed at the demo@0.0.0 start script 'node ./bin/www'.
24 error Make sure you have the latest version of node.js and npm installed.
24 error If you do, this is most likely a problem with the demo package,
24 error not with npm itself.
24 error Tell the author that this fails on your system:
24 error     node ./bin/www
24 error You can get information on how to open an issue for this project with:
24 error     npm bugs demo
24 error Or if that isn't available, you can get their info via:
24 error     npm owner ls demo
24 error There is likely additional logging output above.
25 verbose exit [ 1, true ]
